This is pdfTeX, Version 3.141592653-2.6-1.40.25 (TeX Live 2023) (preloaded format=pdflatex 2023.10.29)  8 DEC 2023 00:32
entering extended mode
 restricted \write18 enabled.
 %&-line parsing enabled.
**design-document.tex
(./design-document.tex
LaTeX2e <2023-06-01> patch level 1
L3 programming layer <2023-10-23>
(c:/texlive/2023/texmf-dist/tex/latex/base/report.cls
Document Class: report 2023/05/17 v1.4n Standard LaTeX document class
(c:/texlive/2023/texmf-dist/tex/latex/base/size10.clo
File: size10.clo 2023/05/17 v1.4n Standard LaTeX file (size option)
)
\c@part=\count186
\c@chapter=\count187
\c@section=\count188
\c@subsection=\count189
\c@subsubsection=\count190
\c@paragraph=\count191
\c@subparagraph=\count192
\c@figure=\count193
\c@table=\count194
\abovecaptionskip=\skip48
\belowcaptionskip=\skip49
\bibindent=\dimen140
)
(c:/texlive/2023/texmf-dist/tex/latex/geometry/geometry.sty
Package: geometry 2020/01/02 v5.9 Page Geometry

(c:/texlive/2023/texmf-dist/tex/latex/graphics/keyval.sty
Package: keyval 2022/05/29 v1.15 key=value parser (DPC)
\KV@toks@=\toks17
)
(c:/texlive/2023/texmf-dist/tex/generic/iftex/ifvtex.sty
Package: ifvtex 2019/10/25 v1.7 ifvtex legacy package. Use iftex instead.

(c:/texlive/2023/texmf-dist/tex/generic/iftex/iftex.sty
Package: iftex 2022/02/03 v1.0f TeX engine tests
))
\Gm@cnth=\count195
\Gm@cntv=\count196
\c@Gm@tempcnt=\count197
\Gm@bindingoffset=\dimen141
\Gm@wd@mp=\dimen142
\Gm@odd@mp=\dimen143
\Gm@even@mp=\dimen144
\Gm@layoutwidth=\dimen145
\Gm@layoutheight=\dimen146
\Gm@layouthoffset=\dimen147
\Gm@layoutvoffset=\dimen148
\Gm@dimlist=\toks18
)
(c:/texlive/2023/texmf-dist/tex/latex/merriweather/merriweather.sty
Package: merriweather 2022/09/20 (Bob Tennent) Supports Merriweather(Sans) font
s for all LaTeX engines. 

(c:/texlive/2023/texmf-dist/tex/generic/iftex/ifxetex.sty
Package: ifxetex 2019/10/25 v0.7 ifxetex legacy package. Use iftex instead.
)
(c:/texlive/2023/texmf-dist/tex/generic/iftex/ifluatex.sty
Package: ifluatex 2019/10/25 v1.5 ifluatex legacy package. Use iftex instead.
)
(c:/texlive/2023/texmf-dist/tex/latex/base/textcomp.sty
Package: textcomp 2020/02/02 v2.0n Standard LaTeX package
)
(c:/texlive/2023/texmf-dist/tex/latex/xkeyval/xkeyval.sty
Package: xkeyval 2022/06/16 v2.9 package option processing (HA)

(c:/texlive/2023/texmf-dist/tex/generic/xkeyval/xkeyval.tex
(c:/texlive/2023/texmf-dist/tex/generic/xkeyval/xkvutils.tex
\XKV@toks=\toks19
\XKV@tempa@toks=\toks20
)
\XKV@depth=\count198
File: xkeyval.tex 2014/12/03 v2.7a key=value parser (HA)
))
(c:/texlive/2023/texmf-dist/tex/latex/base/fontenc.sty
Package: fontenc 2021/04/29 v2.0v Standard LaTeX package
)
(c:/texlive/2023/texmf-dist/tex/latex/fontaxes/fontaxes.sty
Package: fontaxes 2020/07/21 v1.0e Font selection axes
LaTeX Info: Redefining \upshape on input line 29.
LaTeX Info: Redefining \itshape on input line 31.
LaTeX Info: Redefining \slshape on input line 33.
LaTeX Info: Redefining \swshape on input line 35.
LaTeX Info: Redefining \scshape on input line 37.
LaTeX Info: Redefining \sscshape on input line 39.
LaTeX Info: Redefining \ulcshape on input line 41.
LaTeX Info: Redefining \textsw on input line 47.
LaTeX Info: Redefining \textssc on input line 48.
LaTeX Info: Redefining \textulc on input line 49.
))
(c:/texlive/2023/texmf-dist/tex/latex/base/fontenc.sty
Package: fontenc 2021/04/29 v2.0v Standard LaTeX package
LaTeX Font Info:    Trying to load font information for T1+Merriwthr-OsF on inp
ut line 112.

(c:/texlive/2023/texmf-dist/tex/latex/merriweather/T1Merriwthr-OsF.fd
File: T1Merriwthr-OsF.fd 2020/08/30 (autoinst) Font definitions for T1/Merriwth
r-OsF.
)
LaTeX Font Info:    Font shape `T1/Merriwthr-OsF/m/n' will be
(Font)              scaled to size 10.0pt on input line 112.
)
(c:/texlive/2023/texmf-dist/tex/latex/graphics/graphicx.sty
Package: graphicx 2021/09/16 v1.2d Enhanced LaTeX Graphics (DPC,SPQR)

(c:/texlive/2023/texmf-dist/tex/latex/graphics/graphics.sty
Package: graphics 2022/03/10 v1.4e Standard LaTeX Graphics (DPC,SPQR)

(c:/texlive/2023/texmf-dist/tex/latex/graphics/trig.sty
Package: trig 2021/08/11 v1.11 sin cos tan (DPC)
)
(c:/texlive/2023/texmf-dist/tex/latex/graphics-cfg/graphics.cfg
File: graphics.cfg 2016/06/04 v1.11 sample graphics configuration
)
Package graphics Info: Driver file: pdftex.def on input line 107.

(c:/texlive/2023/texmf-dist/tex/latex/graphics-def/pdftex.def
File: pdftex.def 2022/09/22 v1.2b Graphics/color driver for pdftex
))
\Gin@req@height=\dimen149
\Gin@req@width=\dimen150
)
(c:/texlive/2023/texmf-dist/tex/latex/float/float.sty
Package: float 2001/11/08 v1.3d Float enhancements (AL)
\c@float@type=\count199
\float@exts=\toks21
\float@box=\box51
\@float@everytoks=\toks22
\@floatcapt=\box52
)
(c:/texlive/2023/texmf-dist/tex/latex/caption/subcaption.sty
Package: subcaption 2023/07/28 v1.6b Sub-captions (AR)

(c:/texlive/2023/texmf-dist/tex/latex/caption/caption.sty
Package: caption 2023/08/05 v3.6o Customizing captions (AR)

(c:/texlive/2023/texmf-dist/tex/latex/caption/caption3.sty
Package: caption3 2023/07/31 v2.4d caption3 kernel (AR)
\caption@tempdima=\dimen151
\captionmargin=\dimen152
\caption@leftmargin=\dimen153
\caption@rightmargin=\dimen154
\caption@width=\dimen155
\caption@indent=\dimen156
\caption@parindent=\dimen157
\caption@hangindent=\dimen158
Package caption Info: Standard document class detected.
)
\c@caption@flags=\count266
\c@continuedfloat=\count267
Package caption Info: float package is loaded.
)
Package caption Info: New subtype `subfigure' on input line 238.
\c@subfigure=\count268
Package caption Info: New subtype `subtable' on input line 238.
\c@subtable=\count269
)
(c:/texlive/2023/texmf-dist/tex/latex/l3backend/l3backend-pdftex.def
File: l3backend-pdftex.def 2023-10-23 L3 backend support: PDF output (pdfTeX)
\l__color_backend_stack_int=\count270
\l__pdf_internal_box=\box53
)
(./design-document.aux)
\openout1 = `design-document.aux'.

LaTeX Font Info:    Checking defaults for OML/cmm/m/it on input line 12.
LaTeX Font Info:    ... okay on input line 12.
LaTeX Font Info:    Checking defaults for OMS/cmsy/m/n on input line 12.
LaTeX Font Info:    ... okay on input line 12.
LaTeX Font Info:    Checking defaults for OT1/cmr/m/n on input line 12.
LaTeX Font Info:    ... okay on input line 12.
LaTeX Font Info:    Checking defaults for T1/cmr/m/n on input line 12.
LaTeX Font Info:    ... okay on input line 12.
LaTeX Font Info:    Checking defaults for TS1/cmr/m/n on input line 12.
LaTeX Font Info:    ... okay on input line 12.
LaTeX Font Info:    Checking defaults for OMX/cmex/m/n on input line 12.
LaTeX Font Info:    ... okay on input line 12.
LaTeX Font Info:    Checking defaults for U/cmr/m/n on input line 12.
LaTeX Font Info:    ... okay on input line 12.

*geometry* driver: auto-detecting
*geometry* detected driver: pdftex
*geometry* verbose mode - [ preamble ] result:
* driver: pdftex
* paper: letterpaper
* layout: <same size as paper>
* layoutoffset:(h,v)=(0.0pt,0.0pt)
* modes: 
* h-part:(L,W,R)=(144.54pt, 325.215pt, 144.54001pt)
* v-part:(T,H,B)=(72.26999pt, 614.295pt, 108.405pt)
* \paperwidth=614.295pt
* \paperheight=794.96999pt
* \textwidth=325.215pt
* \textheight=614.295pt
* \oddsidemargin=72.27pt
* \evensidemargin=72.27pt
* \topmargin=-37.0pt
* \headheight=12.0pt
* \headsep=25.0pt
* \topskip=10.0pt
* \footskip=30.0pt
* \marginparwidth=65.0pt
* \marginparsep=11.0pt
* \columnsep=10.0pt
* \skip\footins=9.0pt plus 4.0pt minus 2.0pt
* \hoffset=0.0pt
* \voffset=0.0pt
* \mag=1000
* \@twocolumnfalse
* \@twosidefalse
* \@mparswitchfalse
* \@reversemarginfalse
* (1in=72.27pt=25.4mm, 1cm=28.453pt)

\c@mv@tabular=\count271
\c@mv@boldtabular=\count272
(c:/texlive/2023/texmf-dist/tex/context/base/mkii/supp-pdf.mkii
[Loading MPS to PDF converter (version 2006.09.02).]
\scratchcounter=\count273
\scratchdimen=\dimen159
\scratchbox=\box54
\nofMPsegments=\count274
\nofMParguments=\count275
\everyMPshowfont=\toks23
\MPscratchCnt=\count276
\MPscratchDim=\dimen160
\MPnumerator=\count277
\makeMPintoPDFobject=\count278
\everyMPtoPDFconversion=\toks24
) (c:/texlive/2023/texmf-dist/tex/latex/epstopdf-pkg/epstopdf-base.sty
Package: epstopdf-base 2020-01-24 v2.11 Base part for package epstopdf
Package epstopdf-base Info: Redefining graphics rule for `.eps' on input line 4
85.

(c:/texlive/2023/texmf-dist/tex/latex/latexconfig/epstopdf-sys.cfg
File: epstopdf-sys.cfg 2010/07/13 v1.3 Configuration of (r)epstopdf for TeX Liv
e
))
Package caption Info: Begin \AtBeginDocument code.
Package caption Info: End \AtBeginDocument code.
LaTeX Font Info:    Font shape `T1/Merriwthr-OsF/m/n' will be
(Font)              scaled to size 17.28pt on input line 13.
LaTeX Font Info:    Font shape `T1/Merriwthr-OsF/m/n' will be
(Font)              scaled to size 12.0pt on input line 13.
LaTeX Font Info:    External font `cmex10' loaded for size
(Font)              <12> on input line 13.
LaTeX Font Info:    External font `cmex10' loaded for size
(Font)              <8> on input line 13.
LaTeX Font Info:    External font `cmex10' loaded for size
(Font)              <6> on input line 13.
 [1

{c:/texlive/2023/texmf-var/fonts/map/pdftex/updmap/pdftex.map}{c:/texlive/2023/
texmf-dist/fonts/enc/dvips/merriweather/merriwthr_posqbl.enc}]
LaTeX Font Info:    Font shape `T1/Merriwthr-OsF/m/n' will be
(Font)              scaled to size 20.74pt on input line 15.
LaTeX Font Info:    Font shape `T1/Merriwthr-OsF/b/n' will be
(Font)              scaled to size 20.74pt on input line 15.
LaTeX Font Info:    Font shape `T1/Merriwthr-OsF/b/n' will be
(Font)              scaled to size 24.88pt on input line 15.
 [1

]
Chapter 1.
LaTeX Font Info:    Font shape `T1/Merriwthr-OsF/m/n' will be
(Font)              scaled to size 14.4pt on input line 17.
LaTeX Font Info:    Font shape `T1/Merriwthr-OsF/b/n' will be
(Font)              scaled to size 14.4pt on input line 17.

Overfull \hbox (7.18004pt too wide) in paragraph at lines 18--19
\T1/Merriwthr-OsF/m/n/10 For the de-vel-op-ment of this pro-to-type, I se-lecte
d a white-box approach--
 []

LaTeX Font Info:    Font shape `T1/Merriwthr-OsF/b/n' will be
(Font)              scaled to size 12.0pt on input line 22.
LaTeX Font Info:    Font shape `T1/Merriwthr-OsF/b/n' will be
(Font)              scaled to size 10.0pt on input line 24.
LaTeX Font Info:    Font shape `T1/Merriwthr-OsF/m/it' will be
(Font)              scaled to size 10.0pt on input line 32.
[2

]
Overfull \hbox (3.3528pt too wide) in paragraph at lines 34--35
\T1/Merriwthr-OsF/m/n/10 much faster pace, in which the player must es-cape an 
en-clos-ing threat.
 []

[3] [4

]
<loop.png, id=21, 487.8225pt x 484.81125pt>
File: loop.png Graphic file (type png)
<use loop.png>
Package pdftex.def Info: loop.png  used on input line 52.
(pdftex.def)             Requested size: 243.91064pt x 242.40503pt.

Overfull \hbox (1.0263pt too wide) in paragraph at lines 55--56
 \T1/Merriwthr-OsF/b/n/10 See Above[] \T1/Merriwthr-OsF/m/n/10 The pri-mary mov
e-ment tech-niques re-main the same un-
 []

[5 <./loop.png>] [6] [7

]
Chapter 2.

Overfull \hbox (4.37595pt too wide) in paragraph at lines 67--68
 \T1/Merriwthr-OsF/b/n/10 End[] \T1/Merriwthr-OsF/m/n/10 Once the fi-nal cor-ri
-dor is easy to see through, an-other "weapon"
 []

<level1-1.png, id=32, 343.2825pt x 398.23781pt>
File: level1-1.png Graphic file (type png)
<use level1-1.png>
Package pdftex.def Info: level1-1.png  used on input line 75.
(pdftex.def)             Requested size: 104.07117pt x 120.73012pt.
LaTeX Font Info:    External font `cmex10' loaded for size
(Font)              <7> on input line 76.
LaTeX Font Info:    External font `cmex10' loaded for size
(Font)              <5> on input line 76.
<level1-2.png, id=33, 816.04875pt x 456.20438pt>
File: level1-2.png Graphic file (type png)
<use level1-2.png>
Package pdftex.def Info: level1-2.png  used on input line 78.
(pdftex.def)             Requested size: 104.07117pt x 58.17398pt.
<level1-3.png, id=34, 795.72281pt x 457.71pt>
File: level1-3.png Graphic file (type png)
<use level1-3.png>
Package pdftex.def Info: level1-3.png  used on input line 81.
(pdftex.def)             Requested size: 104.07117pt x 59.86057pt.
[8

] [9 <./level1-1.png> <./level1-2.png> <./level1-3.png>]
Chapter 3.

Overfull \hbox (4.37906pt too wide) in paragraph at lines 91--91
[]\T1/Merriwthr-OsF/b/n/12 Immerse player in swing-ing/navigation me-chanic 
 []


Overfull \hbox (11.60175pt too wide) in paragraph at lines 92--92
[]\T1/Merriwthr-OsF/b/n/12 Build player's an-tic-i-pa-tion of next level (the w
eapon
 []


Overfull \hbox (7.86612pt too wide) in paragraph at lines 98--98
[]\T1/Merriwthr-OsF/b/n/12 Enclosing cor-rup-tion, nav-i-gat-ing the large city
, ur-
 []

<level2-1.png, id=41, 609.77812pt x 410.2828pt>
File: level2-1.png Graphic file (type png)
<use level2-1.png>
Package pdftex.def Info: level2-1.png  used on input line 102.
(pdftex.def)             Requested size: 104.07117pt x 70.0226pt.
<level2-2.png, id=42, 577.40718pt x 429.85594pt>
File: level2-2.png Graphic file (type png)
<use level2-2.png>
Package pdftex.def Info: level2-2.png  used on input line 105.
(pdftex.def)             Requested size: 104.07117pt x 77.47566pt.
<level2-3.png, id=43, 600.74437pt x 326.72063pt>
File: level2-3.png Graphic file (type png)
<use level2-3.png>
Package pdftex.def Info: level2-3.png  used on input line 108.
(pdftex.def)             Requested size: 104.07117pt x 56.59866pt.
[10

]
Overfull \hbox (10.68172pt too wide) in paragraph at lines 112--114
\T1/Merriwthr-OsF/m/n/10 https://www.youtube.com/watch?v=oueJ_eZ3yOY (Mu-sic st
arts at 1:30) 
 []

[11 <./level2-1.png> <./level2-2.png> <./level2-3.png>]
Chapter 4.

Overfull \hbox (25.82668pt too wide) in paragraph at lines 117--117
[]\T1/Merriwthr-OsF/b/n/12 Unleash player/enter "Frenzy" with pow-er-ful weapon
 
 []


Overfull \hbox (10.55435pt too wide) in paragraph at lines 125--125
[]\T1/Merriwthr-OsF/b/n/12 Frenzy through dingy cor-rup-tion and gloom within
 []

<level3-1.png, id=50, 759.58781pt x 426.09187pt>
File: level3-1.png Graphic file (type png)
<use level3-1.png>
Package pdftex.def Info: level3-1.png  used on input line 129.
(pdftex.def)             Requested size: 104.07117pt x 58.37813pt.
<level3-2.png, id=51, 652.68843pt x 414.04688pt>
File: level3-2.png Graphic file (type png)
<use level3-2.png>
Package pdftex.def Info: level3-2.png  used on input line 132.
(pdftex.def)             Requested size: 104.07117pt x 66.01509pt.
<level3-3.png, id=52, 674.52pt x 390.70969pt>
File: level3-3.png Graphic file (type png)
<use level3-3.png>
Package pdftex.def Info: level3-3.png  used on input line 135.
(pdftex.def)             Requested size: 104.07117pt x 60.27916pt.
[12

] [13 <./level3-1.png> <./level3-2.png> <./level3-3.png>]
(./design-document.aux)
 ***********
LaTeX2e <2023-06-01> patch level 1
L3 programming layer <2023-10-23>
 ***********
 ) 
Here is how much of TeX's memory you used:
 4423 strings out of 474397
 78034 string characters out of 5754178
 1934036 words of memory out of 5000000
 26472 multiletter control sequences out of 15000+600000
 749569 words of font info for 65 fonts, out of 8000000 for 9000
 1141 hyphenation exceptions out of 8191
 83i,8n,131p,461b,476s stack positions out of 10000i,1000n,20000p,200000b,200000s
<c:/texlive/2023/texmf-dist/fonts/type1/sorkin/merriweather/Merriwthr-Bold.pf
b><c:/texlive/2023/texmf-dist/fonts/type1/sorkin/merriweather/Merriwthr-Italic.
pfb><c:/texlive/2023/texmf-dist/fonts/type1/sorkin/merriweather/Merriwthr-Regul
ar.pfb>
Output written on design-document.pdf (14 pages, 1561719 bytes).
PDF statistics:
 76 PDF objects out of 1000 (max. 8388607)
 43 compressed objects within 1 object stream
 0 named destinations out of 1000 (max. 500000)
 51 words of extra memory for PDF output out of 10000 (max. 10000000)

